<?xml version="1.0" encoding="UTF-8"?>
<testsuite name="LibrarySuite" tests="1" skipped="0" failures="0" errors="0" timestamp="2017-05-18T17:14:12" hostname="XE-TMAC-BRIJESHPANT" time="0.015">
  <properties/>
  <testcase name="someLibraryMethod is always true" classname="LibrarySuite" time="0.015"/>
  <system-out><![CDATA[]]></system-out>
  <system-err><![CDATA[]]></system-err>
</testsuite>
